8510  execve("/usr/bin/Xorg", ["Xorg"], 0x7ffc877e3a80 /* 44 vars */) = 0
8510  brk(NULL)                         = 0x561c9bc72000
8510  arch_prctl(0x3001 /* ARCH_??? */, 0x7ffe18aa4e20) = -1 EINVAL (Invalid argument)
8510  access("/etc/ld.so.preload", R_OK) = -1 ENOENT (No such file or directory)
8510  openat(AT_FDCWD, "/etc/ld.so.cache", O_RDONLY|O_CLOEXEC) = 3
8510  newfstatat(3, "", {st_mode=S_IFREG|0644, st_size=109151, ...}, AT_EMPTY_PATH) = 0
8510  mmap(NULL, 109151, PROT_READ, MAP_PRIVATE, 3, 0) = 0x7f3322b20000
8510  close(3)                          = 0
8510  openat(AT_FDCWD, "/usr/lib/libedit.so.0", O_RDONLY|O_CLOEXEC) = 3
8510  read(3, "\177ELF\2\1\1\0\0\0\0\0\0\0\0\0\3\0>\0\1\0\0\0\0\0\0\0\0\0\0\0"..., 832) = 832
8510  newfstatat(3, "", {st_mode=S_IFREG|0755, st_size=227360, ...}, AT_EMPTY_PATH) = 0
8510  mmap(NULL, 8192, PROT_READ|PROT_WRITE, MAP_PRIVATE|MAP_ANONYMOUS, -1, 0) = 0x7f3322b1e000
8510  mmap(NULL, 244824, PROT_READ, MAP_PRIVATE|MAP_DENYWRITE, 3, 0) = 0x7f3322ae2000
8510  mmap(0x7f3322aeb000, 126976, PROT_READ|PROT_EXEC, MAP_PRIVATE|MAP_FIXED|MAP_DENYWRITE, 3, 0x9000) = 0x7f3322aeb000
8510  mmap(0x7f3322b0a000, 57344, PROT_READ, MAP_PRIVATE|MAP_FIXED|MAP_DENYWRITE, 3, 0x28000) = 0x7f3322b0a000
8510  mmap(0x7f3322b18000, 12288, PROT_READ|PROT_WRITE, MAP_PRIVATE|MAP_FIXED|MAP_DENYWRITE, 3, 0x35000) = 0x7f3322b18000
8510  mmap(0x7f3322b1b000, 11352, PROT_READ|PROT_WRITE, MAP_PRIVATE|MAP_FIXED|MAP_ANONYMOUS, -1, 0) = 0x7f3322b1b000
8510  close(3)                          = 0
8510  openat(AT_FDCWD, "/usr/lib/libc.so.6", O_RDONLY|O_CLOEXEC) = 3
8510  read(3, "\177ELF\2\1\1\3\0\0\0\0\0\0\0\0\3\0>\0\1\0\0\0P4\2\0\0\0\0\0"..., 832) = 832
8510  pread64(3, "\6\0\0\0\4\0\0\0@\0\0\0\0\0\0\0@\0\0\0\0\0\0\0@\0\0\0\0\0\0\0"..., 784, 64) = 784
8510  newfstatat(3, "", {st_mode=S_IFREG|0755, st_size=1953472, ...}, AT_EMPTY_PATH) = 0
8510  pread64(3, "\6\0\0\0\4\0\0\0@\0\0\0\0\0\0\0@\0\0\0\0\0\0\0@\0\0\0\0\0\0\0"..., 784, 64) = 784
8510  mmap(NULL, 1994384, PROT_READ, MAP_PRIVATE|MAP_DENYWRITE, 3, 0) = 0x7f33228fb000
8510  mmap(0x7f332291d000, 1421312, PROT_READ|PROT_EXEC, MAP_PRIVATE|MAP_FIXED|MAP_DENYWRITE, 3, 0x22000) = 0x7f332291d000
8510  mmap(0x7f3322a78000, 356352, PROT_READ, MAP_PRIVATE|MAP_FIXED|MAP_DENYWRITE, 3, 0x17d000) = 0x7f3322a78000
8510  mmap(0x7f3322acf000, 24576, PROT_READ|PROT_WRITE, MAP_PRIVATE|MAP_FIXED|MAP_DENYWRITE, 3, 0x1d4000) = 0x7f3322acf000
8510  mmap(0x7f3322ad5000, 52880, PROT_READ|PROT_WRITE, MAP_PRIVATE|MAP_FIXED|MAP_ANONYMOUS, -1, 0) = 0x7f3322ad5000
8510  close(3)                          = 0
8510  openat(AT_FDCWD, "/usr/lib/libncursesw.so.6", O_RDONLY|O_CLOEXEC) = 3
8510  read(3, "\177ELF\2\1\1\0\0\0\0\0\0\0\0\0\3\0>\0\1\0\0\0\0\0\0\0\0\0\0\0"..., 832) = 832
8510  newfstatat(3, "", {st_mode=S_IFREG|0755, st_size=474328, ...}, AT_EMPTY_PATH) = 0
8510  mmap(NULL, 474344, PROT_READ, MAP_PRIVATE|MAP_DENYWRITE, 3, 0) = 0x7f3322887000
8510  mmap(0x7f332289d000, 270336, PROT_READ|PROT_EXEC, MAP_PRIVATE|MAP_FIXED|MAP_DENYWRITE, 3, 0x16000) = 0x7f332289d000
8510  mmap(0x7f33228df000, 94208, PROT_READ, MAP_PRIVATE|MAP_FIXED|MAP_DENYWRITE, 3, 0x58000) = 0x7f33228df000
8510  mmap(0x7f33228f6000, 20480, PROT_READ|PROT_WRITE, MAP_PRIVATE|MAP_FIXED|MAP_DENYWRITE, 3, 0x6f000) = 0x7f33228f6000
8510  close(3)                          = 0
8510  mmap(NULL, 12288, PROT_READ|PROT_WRITE, MAP_PRIVATE|MAP_ANONYMOUS, -1, 0) = 0x7f3322884000
8510  arch_prctl(ARCH_SET_FS, 0x7f3322884740) = 0
8510  set_tid_address(0x7f3322884a10)   = 8510
8510  set_robust_list(0x7f3322884a20, 24) = 0
8510  rseq(0x7f3322885060, 0x20, 0, 0x53053053) = 0
8510  mprotect(0x7f3322acf000, 16384, PROT_READ) = 0
8510  mprotect(0x7f33228f6000, 16384, PROT_READ) = 0
8510  mprotect(0x7f3322b18000, 8192, PROT_READ) = 0
8510  mprotect(0x561c9b1b6000, 8192, PROT_READ) = 0
8510  mprotect(0x7f3322b6c000, 8192, PROT_READ) = 0
8510  prlimit64(0, RLIMIT_STACK, NULL, {rlim_cur=8192*1024, rlim_max=RLIM64_INFINITY}) = 0
8510  munmap(0x7f3322b20000, 109151)    = 0
8510  getpid()                          = 8510
8510  rt_sigaction(SIGCHLD, {sa_handler=0x561c9b1aa400, sa_mask=~[RTMIN RT_1], sa_flags=SA_RESTORER, sa_restorer=0x7f3322933a00}, NULL, 8) = 0
8510  geteuid()                         = 1000
8510  getrandom("\xe1\xb6\x7a\xe4\x35\x6d\xbe\x56", 8, GRND_NONBLOCK) = 8
8510  brk(NULL)                         = 0x561c9bc72000
8510  brk(0x561c9bc93000)               = 0x561c9bc93000
8510  getppid()                         = 8507
8510  newfstatat(AT_FDCWD, "/home/spencer", {st_mode=S_IFDIR|0700, st_size=4096, ...}, 0) = 0
8510  newfstatat(AT_FDCWD, ".", {st_mode=S_IFDIR|0700, st_size=4096, ...}, 0) = 0
8510  openat(AT_FDCWD, "/usr/bin/Xorg", O_RDONLY) = 3
8510  fcntl(3, F_DUPFD, 10)             = 10
8510  close(3)                          = 0
8510  fcntl(10, F_SETFD, FD_CLOEXEC)    = 0
8510  rt_sigaction(SIGINT, NULL, {sa_handler=SIG_DFL, sa_mask=[], sa_flags=0}, 8) = 0
8510  rt_sigaction(SIGINT, {sa_handler=0x561c9b1aa400, sa_mask=~[RTMIN RT_1], sa_flags=SA_RESTORER, sa_restorer=0x7f3322933a00}, NULL, 8) = 0
8510  rt_sigaction(SIGQUIT, NULL, {sa_handler=SIG_DFL, sa_mask=[], sa_flags=0}, 8) = 0
8510  rt_sigaction(SIGQUIT, {sa_handler=SIG_DFL, sa_mask=~[RTMIN RT_1], sa_flags=SA_RESTORER, sa_restorer=0x7f3322933a00}, NULL, 8) = 0
8510  rt_sigaction(SIGTERM, NULL, {sa_handler=SIG_DFL, sa_mask=[], sa_flags=0}, 8) = 0
8510  rt_sigaction(SIGTERM, {sa_handler=SIG_DFL, sa_mask=~[RTMIN RT_1], sa_flags=SA_RESTORER, sa_restorer=0x7f3322933a00}, NULL, 8) = 0
8510  read(10, "#!/bin/sh\n#\n# Execute Xorg.wrap "..., 8192) = 271
8510  faccessat2(AT_FDCWD, "/usr/lib/Xorg.wrap", X_OK, AT_EACCESS) = 0
8510  execve("/usr/lib/Xorg.wrap", ["/usr/lib/Xorg.wrap"], 0x561c9bc72da8 /* 44 vars */) = 0
8510  access("/etc/suid-debug", F_OK)   = -1 ENOENT (No such file or directory)
8510  brk(NULL)                         = 0x55f0a1be6000
8510  arch_prctl(0x3001 /* ARCH_??? */, 0x7ffc60842150) = -1 EINVAL (Invalid argument)
8510  fcntl(0, F_GETFD)                 = 0
8510  fcntl(1, F_GETFD)                 = 0
8510  fcntl(2, F_GETFD)                 = 0
8510  access("/etc/suid-debug", F_OK)   = -1 ENOENT (No such file or directory)
8510  access("/etc/ld.so.preload", R_OK) = -1 ENOENT (No such file or directory)
8510  openat(AT_FDCWD, "/etc/ld.so.cache", O_RDONLY|O_CLOEXEC) = 3
8510  newfstatat(3, "", {st_mode=S_IFREG|0644, st_size=109151, ...}, AT_EMPTY_PATH) = 0
8510  mmap(NULL, 109151, PROT_READ, MAP_PRIVATE, 3, 0) = 0x7f24eeba0000
8510  close(3)                          = 0
8510  openat(AT_FDCWD, "/usr/lib/libc.so.6", O_RDONLY|O_CLOEXEC) = 3
8510  read(3, "\177ELF\2\1\1\3\0\0\0\0\0\0\0\0\3\0>\0\1\0\0\0P4\2\0\0\0\0\0"..., 832) = 832
8510  pread64(3, "\6\0\0\0\4\0\0\0@\0\0\0\0\0\0\0@\0\0\0\0\0\0\0@\0\0\0\0\0\0\0"..., 784, 64) = 784
8510  newfstatat(3, "", {st_mode=S_IFREG|0755, st_size=1953472, ...}, AT_EMPTY_PATH) = 0
8510  mmap(NULL, 8192, PROT_READ|PROT_WRITE, MAP_PRIVATE|MAP_ANONYMOUS, -1, 0) = 0x7f24eeb9e000
8510  pread64(3, "\6\0\0\0\4\0\0\0@\0\0\0\0\0\0\0@\0\0\0\0\0\0\0@\0\0\0\0\0\0\0"..., 784, 64) = 784
8510  mmap(NULL, 1994384, PROT_READ, MAP_PRIVATE|MAP_DENYWRITE, 3, 0) = 0x7f24ee9b7000
8510  mmap(0x7f24ee9d9000, 1421312, PROT_READ|PROT_EXEC, MAP_PRIVATE|MAP_FIXED|MAP_DENYWRITE, 3, 0x22000) = 0x7f24ee9d9000
8510  mmap(0x7f24eeb34000, 356352, PROT_READ, MAP_PRIVATE|MAP_FIXED|MAP_DENYWRITE, 3, 0x17d000) = 0x7f24eeb34000
8510  mmap(0x7f24eeb8b000, 24576, PROT_READ|PROT_WRITE, MAP_PRIVATE|MAP_FIXED|MAP_DENYWRITE, 3, 0x1d4000) = 0x7f24eeb8b000
8510  mmap(0x7f24eeb91000, 52880, PROT_READ|PROT_WRITE, MAP_PRIVATE|MAP_FIXED|MAP_ANONYMOUS, -1, 0) = 0x7f24eeb91000
8510  close(3)                          = 0
8510  mmap(NULL, 8192, PROT_READ|PROT_WRITE, MAP_PRIVATE|MAP_ANONYMOUS, -1, 0) = 0x7f24ee9b5000
8510  arch_prctl(ARCH_SET_FS, 0x7f24eeb9f680) = 0
8510  set_tid_address(0x7f24eeb9f950)   = 8510
8510  set_robust_list(0x7f24eeb9f960, 24) = 0
8510  rseq(0x7f24eeb9ffa0, 0x20, 0, 0x53053053) = 0
8510  mprotect(0x7f24eeb8b000, 16384, PROT_READ) = 0
8510  mprotect(0x55f0a07ec000, 4096, PROT_READ) = 0
8510  mprotect(0x7f24eebec000, 8192, PROT_READ) = 0
8510  prlimit64(0, RLIMIT_STACK, NULL, {rlim_cur=8192*1024, rlim_max=RLIM64_INFINITY}) = 0
8510  munmap(0x7f24eeba0000, 109151)    = 0
8510  getrandom("\x75\x18\x39\x03\x43\x3e\xde\x4f", 8, GRND_NONBLOCK) = 8
8510  brk(NULL)                         = 0x55f0a1be6000
8510  brk(0x55f0a1c07000)               = 0x55f0a1c07000
8510  openat(AT_FDCWD, "/etc/X11/Xwrapper.config", O_RDONLY) = -1 ENOENT (No such file or directory)
8510  getuid()                          = 1000
8510  newfstatat(0, "", {st_mode=S_IFCHR|0600, st_rdev=makedev(0x4, 0x3), ...}, AT_EMPTY_PATH) = 0
8510  openat(AT_FDCWD, "/dev/dri/card0", O_RDWR) = 3
8510  ioctl(3, DRM_IOCTL_MODE_GETRESOURCES, 0x7ffc60841100) = 0
8510  close(3)                          = 0
8510  openat(AT_FDCWD, "/dev/dri/card1", O_RDWR) = -1 ENOENT (No such file or directory)
8510  openat(AT_FDCWD, "/dev/dri/card2", O_RDWR) = -1 ENOENT (No such file or directory)
8510  openat(AT_FDCWD, "/dev/dri/card3", O_RDWR) = -1 ENOENT (No such file or directory)
8510  openat(AT_FDCWD, "/dev/dri/card4", O_RDWR) = -1 ENOENT (No such file or directory)
8510  openat(AT_FDCWD, "/dev/dri/card5", O_RDWR) = -1 ENOENT (No such file or directory)
8510  openat(AT_FDCWD, "/dev/dri/card6", O_RDWR) = -1 ENOENT (No such file or directory)
8510  openat(AT_FDCWD, "/dev/dri/card7", O_RDWR) = -1 ENOENT (No such file or directory)
8510  openat(AT_FDCWD, "/dev/dri/card8", O_RDWR) = -1 ENOENT (No such file or directory)
8510  openat(AT_FDCWD, "/dev/dri/card9", O_RDWR) = -1 ENOENT (No such file or directory)
8510  openat(AT_FDCWD, "/dev/dri/card10", O_RDWR) = -1 ENOENT (No such file or directory)
8510  openat(AT_FDCWD, "/dev/dri/card11", O_RDWR) = -1 ENOENT (No such file or directory)
8510  openat(AT_FDCWD, "/dev/dri/card12", O_RDWR) = -1 ENOENT (No such file or directory)
8510  openat(AT_FDCWD, "/dev/dri/card13", O_RDWR) = -1 ENOENT (No such file or directory)
8510  openat(AT_FDCWD, "/dev/dri/card14", O_RDWR) = -1 ENOENT (No such file or directory)
8510  openat(AT_FDCWD, "/dev/dri/card15", O_RDWR) = -1 ENOENT (No such file or directory)
8510  getgid()                          = 1000
8510  getuid()                          = 1000
8510  setresgid(-1, 1000, 1000)         = 0
8510  setresuid(-1, 1000, 1000)         = 0
8510  access("/usr/lib/Xorg", X_OK)     = 0
8510  getuid()                          = 1000
8510  geteuid()                         = 1000
8510  execve("/usr/lib/Xorg", ["/usr/lib/Xorg"], 0x7ffc608422b8 /* 44 vars */) = 0
8510  brk(NULL)                         = 0x556456618000
8510  arch_prctl(0x3001 /* ARCH_??? */, 0x7ffe8f63ef90) = -1 EINVAL (Invalid argument)
8510  access("/etc/ld.so.preload", R_OK) = -1 ENOENT (No such file or directory)
8510  openat(AT_FDCWD, "/etc/ld.so.cache", O_RDONLY|O_CLOEXEC) = 3
8510  newfstatat(3, "", {st_mode=S_IFREG|0644, st_size=109151, ...}, AT_EMPTY_PATH) = 0
8510  mmap(NULL, 109151, PROT_READ, MAP_PRIVATE, 3, 0) = 0x7f0ef8b48000
8510  close(3)                          = 0
8510  openat(AT_FDCWD, "/usr/lib/libpixman-1.so.0", O_RDONLY|O_CLOEXEC) = 3
8510  read(3, "\177ELF\2\1\1\0\0\0\0\0\0\0\0\0\3\0>\0\1\0\0\0\0\0\0\0\0\0\0\0"..., 832) = 832
8510  newfstatat(3, "", {st_mode=S_IFREG|0755, st_size=702432, ...}, AT_EMPTY_PATH) = 0
8510  mmap(NULL, 8192, PROT_READ|PROT_WRITE, MAP_PRIVATE|MAP_ANONYMOUS, -1, 0) = 0x7f0ef8b46000
8510  mmap(NULL, 704856, PROT_READ, MAP_PRIVATE|MAP_DENYWRITE, 3, 0) = 0x7f0ef8a99000
8510  mmap(0x7f0ef8aa4000, 552960, PROT_READ|PROT_EXEC, MAP_PRIVATE|MAP_FIXED|MAP_DENYWRITE, 3, 0xb000) = 0x7f0ef8aa4000
8510  mmap(0x7f0ef8b2b000, 73728, PROT_READ, MAP_PRIVATE|MAP_FIXED|MAP_DENYWRITE, 3, 0x92000) = 0x7f0ef8b2b000
8510  mmap(0x7f0ef8b3d000, 36864, PROT_READ|PROT_WRITE, MAP_PRIVATE|MAP_FIXED|MAP_DENYWRITE, 3, 0xa3000) = 0x7f0ef8b3d000
8510  close(3)                          = 0
8510  openat(AT_FDCWD, "/usr/lib/libm.so.6", O_RDONLY|O_CLOEXEC) = 3
8510  read(3, "\177ELF\2\1\1\3\0\0\0\0\0\0\0\0\3\0>\0\1\0\0\0\0\0\0\0\0\0\0\0"..., 832) = 832
8510  newfstatat(3, "", {st_mode=S_IFREG|0755, st_size=944600, ...}, AT_EMPTY_PATH) = 0
8510  mmap(NULL, 946368, PROT_READ, MAP_PRIVATE|MAP_DENYWRITE, 3, 0) = 0x7f0ef89b1000
8510  mmap(0x7f0ef89bf000, 499712, PROT_READ|PROT_EXEC, MAP_PRIVATE|MAP_FIXED|MAP_DENYWRITE, 3, 0xe000) = 0x7f0ef89bf000
8510  mmap(0x7f0ef8a39000, 385024, PROT_READ, MAP_PRIVATE|MAP_FIXED|MAP_DENYWRITE, 3, 0x88000) = 0x7f0ef8a39000
8510  mmap(0x7f0ef8a97000, 8192, PROT_READ|PROT_WRITE, MAP_PRIVATE|MAP_FIXED|MAP_DENYWRITE, 3, 0xe5000) = 0x7f0ef8a97000
8510  close(3)                          = 0
8510  openat(AT_FDCWD, "/usr/lib/libpciaccess.so.0", O_RDONLY|O_CLOEXEC) = 3
8510  read(3, "\177ELF\2\1\1\0\0\0\0\0\0\0\0\0\3\0>\0\1\0\0\0\0\0\0\0\0\0\0\0"..., 832) = 832
8510  newfstatat(3, "", {st_mode=S_IFREG|0755, st_size=42880, ...}, AT_EMPTY_PATH) = 0
8510  mmap(NULL, 45088, PROT_READ, MAP_PRIVATE|MAP_DENYWRITE, 3, 0) = 0x7f0ef89a5000
8510  mmap(0x7f0ef89a8000, 20480, PROT_READ|PROT_EXEC, MAP_PRIVATE|MAP_FIXED|MAP_DENYWRITE, 3, 0x3000) = 0x7f0ef89a8000
8510  mmap(0x7f0ef89ad000, 8192, PROT_READ, MAP_PRIVATE|MAP_FIXED|MAP_DENYWRITE, 3, 0x8000) = 0x7f0ef89ad000
8510  mmap(0x7f0ef89af000, 8192, PROT_READ|PROT_WRITE, MAP_PRIVATE|MAP_FIXED|MAP_DENYWRITE, 3, 0x9000) = 0x7f0ef89af000
8510  close(3)                          = 0
8510  openat(AT_FDCWD, "/usr/lib/libnettle.so.8", O_RDONLY|O_CLOEXEC) = 3
8510  read(3, "\177ELF\2\1\1\0\0\0\0\0\0\0\0\0\3\0>\0\1\0\0\0\0\0\0\0\0\0\0\0"..., 832) = 832
8510  newfstatat(3, "", {st_mode=S_IFREG|0644, st_size=337968, ...}, AT_EMPTY_PATH) = 0
8510  mmap(NULL, 340096, PROT_READ, MAP_PRIVATE|MAP_DENYWRITE, 3, 0) = 0x7f0ef8951000
8510  mprotect(0x7f0ef895e000, 278528, PROT_NONE) = 0
8510  mmap(0x7f0ef895e000, 180224, PROT_READ|PROT_EXEC, MAP_PRIVATE|MAP_FIXED|MAP_DENYWRITE, 3, 0xd000) = 0x7f0ef895e000
8510  mmap(0x7f0ef898a000, 94208, PROT_READ, MAP_PRIVATE|MAP_FIXED|MAP_DENYWRITE, 3, 0x39000) = 0x7f0ef898a000
8510  mmap(0x7f0ef89a2000, 12288, PROT_READ|PROT_WRITE, MAP_PRIVATE|MAP_FIXED|MAP_DENYWRITE, 3, 0x50000) = 0x7f0ef89a2000
8510  close(3)                          = 0
8510  openat(AT_FDCWD, "/usr/lib/libXau.so.6", O_RDONLY|O_CLOEXEC) = 3
8510  read(3, "\177ELF\2\1\1\0\0\0\0\0\0\0\0\0\3\0>\0\1\0\0\0\0\0\0\0\0\0\0\0"..., 832) = 832
8510  newfstatat(3, "", {st_mode=S_IFREG|0755, st_size=14120, ...}, AT_EMPTY_PATH) = 0
8510  mmap(NULL, 16424, PROT_READ, MAP_PRIVATE|MAP_DENYWRITE, 3, 0) = 0x7f0ef894c000
8510  mmap(0x7f0ef894d000, 4096, PROT_READ|PROT_EXEC, MAP_PRIVATE|MAP_FIXED|MAP_DENYWRITE, 3, 0x1000) = 0x7f0ef894d000
8510  mmap(0x7f0ef894e000, 4096, PROT_READ, MAP_PRIVATE|MAP_FIXED|MAP_DENYWRITE, 3, 0x2000) = 0x7f0ef894e000
8510  mmap(0x7f0ef894f000, 8192, PROT_READ|PROT_WRITE, MAP_PRIVATE|MAP_FIXED|MAP_DENYWRITE, 3, 0x2000) = 0x7f0ef894f000
8510  close(3)                          = 0
8510  openat(AT_FDCWD, "/usr/lib/libXdmcp.so.6", O_RDONLY|O_CLOEXEC) = 3
8510  read(3, "\177ELF\2\1\1\0\0\0\0\0\0\0\0\0\3\0>\0\1\0\0\0\0\0\0\0\0\0\0\0"..., 832) = 832
8510  newfstatat(3, "", {st_mode=S_IFREG|0755, st_size=26408, ...}, AT_EMPTY_PATH) = 0
8510  mmap(NULL, 28688, PROT_READ, MAP_PRIVATE|MAP_DENYWRITE, 3, 0) = 0x7f0ef8944000
8510  mmap(0x7f0ef8946000, 8192, PROT_READ|PROT_EXEC, MAP_PRIVATE|MAP_FIXED|MAP_DENYWRITE, 3, 0x2000) = 0x7f0ef8946000
8510  mmap(0x7f0ef8948000, 8192, PROT_READ, MAP_PRIVATE|MAP_FIXED|MAP_DENYWRITE, 3, 0x4000) = 0x7f0ef8948000
8510  mmap(0x7f0ef894a000, 8192, PROT_READ|PROT_WRITE, MAP_PRIVATE|MAP_FIXED|MAP_DENYWRITE, 3, 0x5000) = 0x7f0ef894a000
8510  close(3)                          = 0
8510  openat(AT_FDCWD, "/usr/lib/libXfont2.so.2", O_RDONLY|O_CLOEXEC) = 3
8510  read(3, "\177ELF\2\1\1\0\0\0\0\0\0\0\0\0\3\0>\0\1\0\0\0\0\0\0\0\0\0\0\0"..., 832) = 832
8510  newfstatat(3, "", {st_mode=S_IFREG|0755, st_size=222408, ...}, AT_EMPTY_PATH) = 0
8510  mmap(NULL, 8192, PROT_READ|PROT_WRITE, MAP_PRIVATE|MAP_ANONYMOUS, -1, 0) = 0x7f0ef8942000
8510  mmap(NULL, 222272, PROT_READ, MAP_PRIVATE|MAP_DENYWRITE, 3, 0) = 0x7f0ef890b000
8510  mmap(0x7f0ef8910000, 155648, PROT_READ|PROT_EXEC, MAP_PRIVATE|MAP_FIXED|MAP_DENYWRITE, 3, 0x5000) = 0x7f0ef8910000
8510  mmap(0x7f0ef8936000, 36864, PROT_READ, MAP_PRIVATE|MAP_FIXED|MAP_DENYWRITE, 3, 0x2b000) = 0x7f0ef8936000
8510  mmap(0x7f0ef893f000, 8192, PROT_READ|PROT_WRITE, MAP_PRIVATE|MAP_FIXED|MAP_DENYWRITE, 3, 0x34000) = 0x7f0ef893f000
8510  mmap(0x7f0ef8941000, 1088, PROT_READ|PROT_WRITE, MAP_PRIVATE|MAP_FIXED|MAP_ANONYMOUS, -1, 0) = 0x7f0ef8941000
8510  close(3)                          = 0
8510  openat(AT_FDCWD, "/usr/lib/libxshmfence.so.1", O_RDONLY|O_CLOEXEC) = 3
8510  read(3, "\177ELF\2\1\1\0\0\0\0\0\0\0\0\0\3\0>\0\1\0\0\0\0\0\0\0\0\0\0\0"..., 832) = 832
8510  newfstatat(3, "", {st_mode=S_IFREG|0755, st_size=14120, ...}, AT_EMPTY_PATH) = 0
8510  mmap(NULL, 16400, PROT_READ, MAP_PRIVATE|MAP_DENYWRITE, 3, 0) = 0x7f0ef8906000
8510  mmap(0x7f0ef8907000, 4096, PROT_READ|PROT_EXEC, MAP_PRIVATE|MAP_FIXED|MAP_DENYWRITE, 3, 0x1000) = 0x7f0ef8907000
8510  mmap(0x7f0ef8908000, 4096, PROT_READ, MAP_PRIVATE|MAP_FIXED|MAP_DENYWRITE, 3, 0x2000) = 0x7f0ef8908000
8510  mmap(0x7f0ef8909000, 8192, PROT_READ|PROT_WRITE, MAP_PRIVATE|MAP_FIXED|MAP_DENYWRITE, 3, 0x2000) = 0x7f0ef8909000
8510  close(3)                          = 0
8510  openat(AT_FDCWD, "/usr/lib/libsystemd.so.0", O_RDONLY|O_CLOEXEC) = 3
8510  read(3, "\177ELF\2\1\1\0\0\0\0\0\0\0\0\0\3\0>\0\1\0\0\0\0\0\0\0\0\0\0\0"..., 832) = 832
8510  newfstatat(3, "", {st_mode=S_IFREG|0755, st_size=897936, ...}, AT_EMPTY_PATH) = 0
8510  mmap(NULL, 898384, PROT_READ, MAP_PRIVATE|MAP_DENYWRITE, 3, 0) = 0x7f0ef882a000
8510  mmap(0x7f0ef8841000, 544768, PROT_READ|PROT_EXEC, MAP_PRIVATE|MAP_FIXED|MAP_DENYWRITE, 3, 0x17000) = 0x7f0ef8841000
8510  mmap(0x7f0ef88c6000, 208896, PROT_READ, MAP_PRIVATE|MAP_FIXED|MAP_DENYWRITE, 3, 0x9c000) = 0x7f0ef88c6000
8510  mmap(0x7f0ef88f9000, 49152, PROT_READ|PROT_WRITE, MAP_PRIVATE|MAP_FIXED|MAP_DENYWRITE, 3, 0xcf000) = 0x7f0ef88f9000
8510  mmap(0x7f0ef8905000, 1360, PROT_READ|PROT_WRITE, MAP_PRIVATE|MAP_FIXED|MAP_ANONYMOUS, -1, 0) = 0x7f0ef8905000
8510  close(3)                          = 0
8510  openat(AT_FDCWD, "/usr/lib/libunwind.so.8", O_RDONLY|O_CLOEXEC) = 3
8510  read(3, "\177ELF\2\1\1\0\0\0\0\0\0\0\0\0\3\0>\0\1\0\0\0\0\0\0\0\0\0\0\0"..., 832) = 832
8510  newfstatat(3, "", {st_mode=S_IFREG|0755, st_size=55104, ...}, AT_EMPTY_PATH) = 0
8510  mmap(NULL, 100784, PROT_READ, MAP_PRIVATE|MAP_DENYWRITE, 3, 0) = 0x7f0ef8811000
8510  mmap(0x7f0ef8813000, 36864, PROT_READ|PROT_EXEC, MAP_PRIVATE|MAP_FIXED|MAP_DENYWRITE, 3, 0x2000) = 0x7f0ef8813000
8510  mmap(0x7f0ef881c000, 8192, PROT_READ, MAP_PRIVATE|MAP_FIXED|MAP_DENYWRITE, 3, 0xb000) = 0x7f0ef881c000
8510  mmap(0x7f0ef881e000, 8192, PROT_READ|PROT_WRITE, MAP_PRIVATE|MAP_FIXED|MAP_DENYWRITE, 3, 0xc000) = 0x7f0ef881e000
8510  mmap(0x7f0ef8820000, 39344, PROT_READ|PROT_WRITE, MAP_PRIVATE|MAP_FIXED|MAP_ANONYMOUS, -1, 0) = 0x7f0ef8820000
8510  close(3)                          = 0
8510  openat(AT_FDCWD, "/usr/lib/libdbus-1.so.3", O_RDONLY|O_CLOEXEC) = 3
8510  read(3, "\177ELF\2\1\1\0\0\0\0\0\0\0\0\0\3\0>\0\1\0\0\0\0\0\0\0\0\0\0\0"..., 832) = 832
8510  newfstatat(3, "", {st_mode=S_IFREG|0755, st_size=329832, ...}, AT_EMPTY_PATH) = 0
8510  mmap(NULL, 328432, PROT_READ, MAP_PRIVATE|MAP_DENYWRITE, 3, 0) = 0x7f0ef87c0000
8510  mmap(0x7f0ef87ce000, 188416, PROT_READ|PROT_EXEC, MAP_PRIVATE|MAP_FIXED|MAP_DENYWRITE, 3, 0xe000) = 0x7f0ef87ce000
8510  mmap(0x7f0ef87fc000, 73728, PROT_READ, MAP_PRIVATE|MAP_FIXED|MAP_DENYWRITE, 3, 0x3c000) = 0x7f0ef87fc000
8510  mmap(0x7f0ef880e000, 12288, PROT_READ|PROT_WRITE, MAP_PRIVATE|MAP_FIXED|MAP_DENYWRITE, 3, 0x4e000) = 0x7f0ef880e000
8510  close(3)                          = 0
8510  openat(AT_FDCWD, "/usr/lib/libudev.so.1", O_RDONLY|O_CLOEXEC) = 3
8510  read(3, "\177ELF\2\1\1\0\0\0\0\0\0\0\0\0\3\0>\0\1\0\0\0\0\0\0\0\0\0\0\0"..., 832) = 832
8510  newfstatat(3, "", {st_mode=S_IFREG|0755, st_size=194784, ...}, AT_EMPTY_PATH) = 0
8510  mmap(NULL, 198936, PROT_READ, MAP_PRIVATE|MAP_DENYWRITE, 3, 0) = 0x7f0ef878f000
8510  mmap(0x7f0ef8794000, 122880, PROT_READ|PROT_EXEC, MAP_PRIVATE|MAP_FIXED|MAP_DENYWRITE, 3, 0x5000) = 0x7f0ef8794000
8510  mmap(0x7f0ef87b2000, 49152, PROT_READ, MAP_PRIVATE|MAP_FIXED|MAP_DENYWRITE, 3, 0x23000) = 0x7f0ef87b2000
8510  mmap(0x7f0ef87be000, 8192, PROT_READ|PROT_WRITE, MAP_PRIVATE|MAP_FIXED|MAP_DENYWRITE, 3, 0x2e000) = 0x7f0ef87be000
8510  close(3)                          = 0
8510  openat(AT_FDCWD, "/usr/lib/libdrm.so.2", O_RDONLY|O_CLOEXEC) = 3
8510  read(3, "\177ELF\2\1\1\0\0\0\0\0\0\0\0\0\3\0>\0\1\0\0\0\0\0\0\0\0\0\0\0"..., 832) = 832
8510  newfstatat(3, "", {st_mode=S_IFREG|0755, st_size=87928, ...}, AT_EMPTY_PATH) = 0
8510  mmap(NULL, 8192, PROT_READ|PROT_WRITE, MAP_PRIVATE|MAP_ANONYMOUS, -1, 0) = 0x7f0ef878d000
8510  mmap(NULL, 88600, PROT_READ, MAP_PRIVATE|MAP_DENYWRITE, 3, 0) = 0x7f0ef8777000
8510  mmap(0x7f0ef877c000, 45056, PROT_READ|PROT_EXEC, MAP_PRIVATE|MAP_FIXED|MAP_DENYWRITE, 3, 0x5000) = 0x7f0ef877c000
8510  mmap(0x7f0ef8787000, 16384, PROT_READ, MAP_PRIVATE|MAP_FIXED|MAP_DENYWRITE, 3, 0x10000) = 0x7f0ef8787000
8510  mmap(0x7f0ef878b000, 8192, PROT_READ|PROT_WRITE, MAP_PRIVATE|MAP_FIXED|MAP_DENYWRITE, 3, 0x14000) = 0x7f0ef878b000
8510  close(3)                          = 0
8510  openat(AT_FDCWD, "/usr/lib/libtirpc.so.3", O_RDONLY|O_CLOEXEC) = 3
8510  read(3, "\177ELF\2\1\1\0\0\0\0\0\0\0\0\0\3\0>\0\1\0\0\0\0\0\0\0\0\0\0\0"..., 832) = 832
8510  newfstatat(3, "", {st_mode=S_IFREG|0755, st_size=182696, ...}, AT_EMPTY_PATH) = 0
8510  mmap(NULL, 183160, PROT_READ, MAP_PRIVATE|MAP_DENYWRITE, 3, 0) = 0x7f0ef874a000
8510  mmap(0x7f0ef8752000, 106496, PROT_READ|PROT_EXEC, MAP_PRIVATE|MAP_FIXED|MAP_DENYWRITE, 3, 0x8000) = 0x7f0ef8752000
8510  mmap(0x7f0ef876c000, 36864, PROT_READ, MAP_PRIVATE|MAP_FIXED|MAP_DENYWRITE, 3, 0x22000) = 0x7f0ef876c000
8510  mmap(0x7f0ef8775000, 8192, PROT_READ|PROT_WRITE, MAP_PRIVATE|MAP_FIXED|MAP_DENYWRITE, 3, 0x2b000) = 0x7f0ef8775000
8510  close(3)                          = 0
8510  openat(AT_FDCWD, "/usr/lib/libxcvt.so.0", O_RDONLY|O_CLOEXEC) = 3
8510  read(3, "\177ELF\2\1\1\0\0\0\0\0\0\0\0\0\3\0>\0\1\0\0\0\0\0\0\0\0\0\0\0"..., 832) = 832
8510  newfstatat(3, "", {st_mode=S_IFREG|0755, st_size=14128, ...}, AT_EMPTY_PATH) = 0
8510  mmap(NULL, 16400, PROT_READ, MAP_PRIVATE|MAP_DENYWRITE, 3, 0) = 0x7f0ef8745000
8510  mmap(0x7f0ef8746000, 4096, PROT_READ|PROT_EXEC, MAP_PRIVATE|MAP_FIXED|MAP_DENYWRITE, 3, 0x1000) = 0x7f0ef8746000
8510  mmap(0x7f0ef8747000, 4096, PROT_READ, MAP_PRIVATE|MAP_FIXED|MAP_DENYWRITE, 3, 0x2000) = 0x7f0ef8747000
8510  mmap(0x7f0ef8748000, 8192, PROT_READ|PROT_WRITE, MAP_PRIVATE|MAP_FIXED|MAP_DENYWRITE, 3, 0x2000) = 0x7f0ef8748000
8510  close(3)                          = 0
8510  openat(AT_FDCWD, "/usr/lib/libc.so.6", O_RDONLY|O_CLOEXEC) = 3
8510  read(3, "\177ELF\2\1\1\3\0\0\0\0\0\0\0\0\3\0>\0\1\0\0\0P4\2\0\0\0\0\0"..., 832) = 832
8510  pread64(3, "\6\0\0\0\4\0\0\0@\0\0\0\0\0\0\0@\0\0\0\0\0\0\0@\0\0\0\0\0\0\0"..., 784, 64) = 784
8510  newfstatat(3, "", {st_mode=S_IFREG|0755, st_size=1953472, ...}, AT_EMPTY_PATH) = 0
8510  pread64(3, "\6\0\0\0\4\0\0\0@\0\0\0\0\0\0\0@\0\0\0\0\0\0\0@\0\0\0\0\0\0\0"..., 784, 64) = 784
8510  mmap(NULL, 1994384, PROT_READ, MAP_PRIVATE|MAP_DENYWRITE, 3, 0) = 0x7f0ef855e000
8510  mmap(0x7f0ef8580000, 1421312, PROT_READ|PROT_EXEC, MAP_PRIVATE|MAP_FIXED|MAP_DENYWRITE, 3, 0x22000) = 0x7f0ef8580000
8510  mmap(0x7f0ef86db000, 356352, PROT_READ, MAP_PRIVATE|MAP_FIXED|MAP_DENYWRITE, 3, 0x17d000) = 0x7f0ef86db000
8510  mmap(0x7f0ef8732000, 24576, PROT_READ|PROT_WRITE, MAP_PRIVATE|MAP_FIXED|MAP_DENYWRITE, 3, 0x1d4000) = 0x7f0ef8732000
8510  mmap(0x7f0ef8738000, 52880, PROT_READ|PROT_WRITE, MAP_PRIVATE|MAP_FIXED|MAP_ANONYMOUS, -1, 0) = 0x7f0ef8738000
8510  close(3)                          = 0
8510  openat(AT_FDCWD, "/usr/lib/libz.so.1", O_RDONLY|O_CLOEXEC) = 3
8510  read(3, "\177ELF\2\1\1\0\0\0\0\0\0\0\0\0\3\0>\0\1\0\0\0\0\0\0\0\0\0\0\0"..., 832) = 832
8510  newfstatat(3, "", {st_mode=S_IFREG|0755, st_size=100288, ...}, AT_EMPTY_PATH) = 0
8510  mmap(NULL, 102416, PROT_READ, MAP_PRIVATE|MAP_DENYWRITE, 3, 0) = 0x7f0ef8544000
8510  mmap(0x7f0ef8547000, 57344, PROT_READ|PROT_EXEC, MAP_PRIVATE|MAP_FIXED|MAP_DENYWRITE, 3, 0x3000) = 0x7f0ef8547000
8510  mmap(0x7f0ef8555000, 28672, PROT_READ, MAP_PRIVATE|MAP_FIXED|MAP_DENYWRITE, 3, 0x11000) = 0x7f0ef8555000
8510  mmap(0x7f0ef855c000, 8192, PROT_READ|PROT_WRITE, MAP_PRIVATE|MAP_FIXED|MAP_DENYWRITE, 3, 0x17000) = 0x7f0ef855c000
8510  close(3)                          = 0
8510  openat(AT_FDCWD, "/usr/lib/libfontenc.so.1", O_RDONLY|O_CLOEXEC) = 3
8510  read(3, "\177ELF\2\1\1\0\0\0\0\0\0\0\0\0\3\0>\0\1\0\0\0\0\0\0\0\0\0\0\0"..., 832) = 832
8510  newfstatat(3, "", {st_mode=S_IFREG|0755, st_size=34200, ...}, AT_EMPTY_PATH) = 0
8510  mmap(NULL, 37872, PROT_READ, MAP_PRIVATE|MAP_DENYWRITE, 3, 0) = 0x7f0ef853a000
8510  mmap(0x7f0ef853c000, 12288, PROT_READ|PROT_EXEC, MAP_PRIVATE|MAP_FIXED|MAP_DENYWRITE, 3, 0x2000) = 0x7f0ef853c000
8510  mmap(0x7f0ef853f000, 8192, PROT_READ, MAP_PRIVATE|MAP_FIXED|MAP_DENYWRITE, 3, 0x5000) = 0x7f0ef853f000
8510  mmap(0x7f0ef8541000, 8192, PROT_READ|PROT_WRITE, MAP_PRIVATE|MAP_FIXED|MAP_DENYWRITE, 3, 0x6000) = 0x7f0ef8541000
8510  mmap(0x7f0ef8543000, 1008, PROT_READ|PROT_WRITE, MAP_PRIVATE|MAP_FIXED|MAP_ANONYMOUS, -1, 0) = 0x7f0ef8543000
8510  close(3)                          = 0
8510  openat(AT_FDCWD, "/usr/lib/libfreetype.so.6", O_RDONLY|O_CLOEXEC) = 3
8510  read(3, "\177ELF\2\1\1\0\0\0\0\0\0\0\0\0\3\0>\0\1\0\0\0\0\0\0\0\0\0\0\0"..., 832) = 832
8510  newfstatat(3, "", {st_mode=S_IFREG|0755, st_size=841592, ...}, AT_EMPTY_PATH) = 0
8510  mmap(NULL, 8192, PROT_READ|PROT_WRITE, MAP_PRIVATE|MAP_ANONYMOUS, -1, 0) = 0x7f0ef8538000
8510  mmap(NULL, 843792, PROT_READ, MAP_PRIVATE|MAP_DENYWRITE, 3, 0) = 0x7f0ef8469000
8510  mprotect(0x7f0ef8477000, 757760, PROT_NONE) = 0
8510  mmap(0x7f0ef8477000, 532480, PROT_READ|PROT_EXEC, MAP_PRIVATE|MAP_FIXED|MAP_DENYWRITE, 3, 0xe000) = 0x7f0ef8477000
8510  mmap(0x7f0ef84f9000, 221184, PROT_READ, MAP_PRIVATE|MAP_FIXED|MAP_DENYWRITE, 3, 0x90000) = 0x7f0ef84f9000
8510  mmap(0x7f0ef8530000, 32768, PROT_READ|PROT_WRITE, MAP_PRIVATE|MAP_FIXED|MAP_DENYWRITE, 3, 0xc6000) = 0x7f0ef8530000
8510  close(3)                          = 0
8510  openat(AT_FDCWD, "/usr/lib/libcap.so.2", O_RDONLY|O_CLOEXEC) = 3
8510  read(3, "\177ELF\2\1\1\0\0\0\0\0\0\0\0\0\3\0>\0\1\0\0\0\300r\0\0\0\0\0\0"..., 832) = 832
8510  newfstatat(3, "", {st_mode=S_IFREG|0755, st_size=42984, ...}, AT_EMPTY_PATH) = 0
8510  mmap(NULL, 45128, PROT_READ, MAP_PRIVATE|MAP_DENYWRITE, 3, 0) = 0x7f0ef845d000
8510  mmap(0x7f0ef8460000, 20480, PROT_READ|PROT_EXEC, MAP_PRIVATE|MAP_FIXED|MAP_DENYWRITE, 3, 0x3000) = 0x7f0ef8460000
8510  mmap(0x7f0ef8465000, 8192, PROT_READ, MAP_PRIVATE|MAP_FIXED|MAP_DENYWRITE, 3, 0x8000) = 0x7f0ef8465000
8510  mmap(0x7f0ef8467000, 8192, PROT_READ|PROT_WRITE, MAP_PRIVATE|MAP_FIXED|MAP_DENYWRITE, 3, 0x9000) = 0x7f0ef8467000
8510  close(3)                          = 0
8510  openat(AT_FDCWD, "/usr/lib/libgcrypt.so.20", O_RDONLY|O_CLOEXEC) = 3
8510  read(3, "\177ELF\2\1\1\0\0\0\0\0\0\0\0\0\3\0>\0\1\0\0\0\0\0\0\0\0\0\0\0"..., 832) = 832
8510  newfstatat(3, "", {st_mode=S_IFREG|0755, st_size=1340656, ...}, AT_EMPTY_PATH) = 0
8510  mmap(NULL, 1340112, PROT_READ, MAP_PRIVATE|MAP_DENYWRITE, 3, 0) = 0x7f0ef8315000
8510  mmap(0x7f0ef8324000, 978944, PROT_READ|PROT_EXEC, MAP_PRIVATE|MAP_FIXED|MAP_DENYWRITE, 3, 0xf000) = 0x7f0ef8324000
8510  mmap(0x7f0ef8413000, 262144, PROT_READ, MAP_PRIVATE|MAP_FIXED|MAP_DENYWRITE, 3, 0xfe000) = 0x7f0ef8413000
8510  mmap(0x7f0ef8453000, 36864, PROT_READ|PROT_WRITE, MAP_PRIVATE|MAP_FIXED|MAP_DENYWRITE, 3, 0x13e000) = 0x7f0ef8453000
8510  mmap(0x7f0ef845c000, 720, PROT_READ|PROT_WRITE, MAP_PRIVATE|MAP_FIXED|MAP_ANONYMOUS, -1, 0) = 0x7f0ef845c000
8510  close(3)                          = 0
8510  openat(AT_FDCWD, "/usr/lib/liblzma.so.5", O_RDONLY|O_CLOEXEC) = 3
8510  read(3, "\177ELF\2\1\1\0\0\0\0\0\0\0\0\0\3\0>\0\1\0\0\0\0\0\0\0\0\0\0\0"..., 832) = 832
8510  newfstatat(3, "", {st_mode=S_IFREG|0755, st_size=206784, ...}, AT_EMPTY_PATH) = 0
8510  mmap(NULL, 204824, PROT_READ, MAP_PRIVATE|MAP_DENYWRITE, 3, 0) = 0x7f0ef82e2000
8510  mmap(0x7f0ef82e6000, 135168, PROT_READ|PROT_EXEC, MAP_PRIVATE|MAP_FIXED|MAP_DENYWRITE, 3, 0x4000) = 0x7f0ef82e6000
8510  mmap(0x7f0ef8307000, 49152, PROT_READ, MAP_PRIVATE|MAP_FIXED|MAP_DENYWRITE, 3, 0x25000) = 0x7f0ef8307000
8510  mmap(0x7f0ef8313000, 8192, PROT_READ|PROT_WRITE, MAP_PRIVATE|MAP_FIXED|MAP_DENYWRITE, 3, 0x31000) = 0x7f0ef8313000
8510  close(3)                          = 0
8510  openat(AT_FDCWD, "/usr/lib/libzstd.so.1", O_RDONLY|O_CLOEXEC) = 3
8510  read(3, "\177ELF\2\1\1\0\0\0\0\0\0\0\0\0\3\0>\0\1\0\0\0\0\0\0\0\0\0\0\0"..., 832) = 832
8510  newfstatat(3, "", {st_mode=S_IFREG|0755, st_size=686256, ...}, AT_EMPTY_PATH) = 0
8510  mmap(NULL, 688504, PROT_READ, MAP_PRIVATE|MAP_DENYWRITE, 3, 0) = 0x7f0ef8239000
8510  mprotect(0x7f0ef8243000, 643072, PROT_NONE) = 0
8510  mmap(0x7f0ef8243000, 577536, PROT_READ|PROT_EXEC, MAP_PRIVATE|MAP_FIXED|MAP_DENYWRITE, 3, 0xa000) = 0x7f0ef8243000
8510  mmap(0x7f0ef82d0000, 61440, PROT_READ, MAP_PRIVATE|MAP_FIXED|MAP_DENYWRITE, 3, 0x97000) = 0x7f0ef82d0000
8510  mmap(0x7f0ef82e0000, 8192, PROT_READ|PROT_WRITE, MAP_PRIVATE|MAP_FIXED|MAP_DENYWRITE, 3, 0xa6000) = 0x7f0ef82e0000
8510  close(3)                          = 0
8510  openat(AT_FDCWD, "/usr/lib/liblz4.so.1", O_RDONLY|O_CLOEXEC) = 3
8510  read(3, "\177ELF\2\1\1\0\0\0\0\0\0\0\0\0\3\0>\0\1\0\0\0\0\0\0\0\0\0\0\0"..., 832) = 832
8510  newfstatat(3, "", {st_mode=S_IFREG|0755, st_size=136976, ...}, AT_EMPTY_PATH) = 0
8510  mmap(NULL, 135184, PROT_READ, MAP_PRIVATE|MAP_DENYWRITE, 3, 0) = 0x7f0ef8217000
8510  mmap(0x7f0ef821a000, 110592, PROT_READ|PROT_EXEC, MAP_PRIVATE|MAP_FIXED|MAP_DENYWRITE, 3, 0x3000) = 0x7f0ef821a000
8510  mmap(0x7f0ef8235000, 8192, PROT_READ, MAP_PRIVATE|MAP_FIXED|MAP_DENYWRITE, 3, 0x1e000) = 0x7f0ef8235000
8510  mmap(0x7f0ef8237000, 8192, PROT_READ|PROT_WRITE, MAP_PRIVATE|MAP_FIXED|MAP_DENYWRITE, 3, 0x20000) = 0x7f0ef8237000
8510  close(3)                          = 0
8510  openat(AT_FDCWD, "/usr/lib/libgcc_s.so.1", O_RDONLY|O_CLOEXEC) = 3
8510  read(3, "\177ELF\2\1\1\0\0\0\0\0\0\0\0\0\3\0>\0\1\0\0\0\0\0\0\0\0\0\0\0"..., 832) = 832
8510  newfstatat(3, "", {st_mode=S_IFREG|0644, st_size=571848, ...}, AT_EMPTY_PATH) = 0
8510  mmap(NULL, 8192, PROT_READ|PROT_WRITE, MAP_PRIVATE|MAP_ANONYMOUS, -1, 0) = 0x7f0ef8215000
8510  mmap(NULL, 127304, PROT_READ, MAP_PRIVATE|MAP_DENYWRITE, 3, 0) = 0x7f0ef81f5000
8510  mmap(0x7f0ef81f8000, 94208, PROT_READ|PROT_EXEC, MAP_PRIVATE|MAP_FIXED|MAP_DENYWRITE, 3, 0x3000) = 0x7f0ef81f8000
8510  mmap(0x7f0ef820f000, 16384, PROT_READ, MAP_PRIVATE|MAP_FIXED|MAP_DENYWRITE, 3, 0x1a000) = 0x7f0ef820f000
8510  mmap(0x7f0ef8213000, 8192, PROT_READ|PROT_WRITE, MAP_PRIVATE|MAP_FIXED|MAP_DENYWRITE, 3, 0x1d000) = 0x7f0ef8213000
8510  close(3)                          = 0
8510  openat(AT_FDCWD, "/usr/lib/libgssapi_krb5.so.2", O_RDONLY|O_CLOEXEC) = 3
8510  read(3, "\177ELF\2\1\1\0\0\0\0\0\0\0\0\0\3\0>\0\1\0\0\0\0\0\0\0\0\0\0\0"..., 832) = 832
8510  newfstatat(3, "", {st_mode=S_IFREG|0755, st_size=344160, ...}, AT_EMPTY_PATH) = 0
8510  mmap(NULL, 342808, PROT_READ, MAP_PRIVATE|MAP_DENYWRITE, 3, 0) = 0x7f0ef81a1000
8510  mmap(0x7f0ef81ad000, 233472, PROT_READ|PROT_EXEC, MAP_PRIVATE|MAP_FIXED|MAP_DENYWRITE, 3, 0xc000) = 0x7f0ef81ad000
8510  mmap(0x7f0ef81e6000, 49152, PROT_READ, MAP_PRIVATE|MAP_FIXED|MAP_DENYWRITE, 3, 0x45000) = 0x7f0ef81e6000
8510  mmap(0x7f0ef81f2000, 12288, PROT_READ|PROT_WRITE, MAP_PRIVATE|MAP_FIXED|MAP_DENYWRITE, 3, 0x51000) = 0x7f0ef81f2000
8510  close(3)                          = 0
8510  openat(AT_FDCWD, "/usr/lib/libbz2.so.1.0", O_RDONLY|O_CLOEXEC) = 3
8510  read(3, "\177ELF\2\1\1\0\0\0\0\0\0\0\0\0\3\0>\0\1\0\0\0\0\0\0\0\0\0\0\0"..., 832) = 832
8510  newfstatat(3, "", {st_mode=S_IFREG|0755, st_size=74640, ...}, AT_EMPTY_PATH) = 0
8510  mmap(NULL, 76840, PROT_READ, MAP_PRIVATE|MAP_DENYWRITE, 3, 0) = 0x7f0ef818e000
8510  mmap(0x7f0ef8190000, 53248, PROT_READ|PROT_EXEC, MAP_PRIVATE|MAP_FIXED|MAP_DENYWRITE, 3, 0x2000) = 0x7f0ef8190000
8510  mmap(0x7f0ef819d000, 8192, PROT_READ, MAP_PRIVATE|MAP_FIXED|MAP_DENYWRITE, 3, 0xf000) = 0x7f0ef819d000
8510  mmap(0x7f0ef819f000, 8192, PROT_READ|PROT_WRITE, MAP_PRIVATE|MAP_FIXED|MAP_DENYWRITE, 3, 0x10000) = 0x7f0ef819f000
8510  close(3)                          = 0
8510  openat(AT_FDCWD, "/usr/lib/libpng16.so.16", O_RDONLY|O_CLOEXEC) = 3
8510  read(3, "\177ELF\2\1\1\0\0\0\0\0\0\0\0\0\3\0>\0\1\0\0\0\0\0\0\0\0\0\0\0"..., 832) = 832
8510  newfstatat(3, "", {st_mode=S_IFREG|0755, st_size=231288, ...}, AT_EMPTY_PATH) = 0
8510  mmap(NULL, 229392, PROT_READ, MAP_PRIVATE|MAP_DENYWRITE, 3, 0) = 0x7f0ef8155000
8510  mmap(0x7f0ef815b000, 159744, PROT_READ|PROT_EXEC, MAP_PRIVATE|MAP_FIXED|MAP_DENYWRITE, 3, 0x6000) = 0x7f0ef815b000
8510  mmap(0x7f0ef8182000, 40960, PROT_READ, MAP_PRIVATE|MAP_FIXED|MAP_DENYWRITE, 3, 0x2d000) = 0x7f0ef8182000
8510  mmap(0x7f0ef818c000, 8192, PROT_READ|PROT_WRITE, MAP_PRIVATE|MAP_FIXED|MAP_DENYWRITE, 3, 0x37000) = 0x7f0ef818c000
8510  close(3)                          = 0
8510  openat(AT_FDCWD, "/usr/lib/libharfbuzz.so.0", O_RDONLY|O_CLOEXEC) = 3
8510  read(3, "\177ELF\2\1\1\0\0\0\0\0\0\0\0\0\3\0>\0\1\0\0\0\0\0\0\0\0\0\0\0"..., 832) = 832
8510  newfstatat(3, "", {st_mode=S_IFREG|0755, st_size=953864, ...}, AT_EMPTY_PATH) = 0
8510  mmap(NULL, 952544, PROT_READ, MAP_PRIVATE|MAP_DENYWRITE, 3, 0) = 0x7f0ef806c000
8510  mmap(0x7f0ef8077000, 692224, PROT_READ|PROT_EXEC, MAP_PRIVATE|MAP_FIXED|MAP_DENYWRITE, 3, 0xb000) = 0x7f0ef8077000
8510  mmap(0x7f0ef8120000, 208896, PROT_READ, MAP_PRIVATE|MAP_FIXED|MAP_DENYWRITE, 3, 0xb4000) = 0x7f0ef8120000
8510  mmap(0x7f0ef8153000, 8192, PROT_READ|PROT_WRITE, MAP_PRIVATE|MAP_FIXED|MAP_DENYWRITE, 3, 0xe7000) = 0x7f0ef8153000
8510  close(3)                          = 0
8510  openat(AT_FDCWD, "/usr/lib/libbrotlidec.so.1", O_RDONLY|O_CLOEXEC) = 3
8510  read(3, "\177ELF\2\1\1\0\0\0\0\0\0\0\0\0\3\0>\0\1\0\0\0\0\0\0\0\0\0\0\0"..., 832) = 832
8510  newfstatat(3, "", {st_mode=S_IFREG|0755, st_size=50984, ...}, AT_EMPTY_PATH) = 0
8510  mmap(NULL, 8192, PROT_READ|PROT_WRITE, MAP_PRIVATE|MAP_ANONYMOUS, -1, 0) = 0x7f0ef806a000
8510  mmap(NULL, 53264, PROT_READ, MAP_PRIVATE|MAP_DENYWRITE, 3, 0) = 0x7f0ef805c000
8510  mmap(0x7f0ef805d000, 32768, PROT_READ|PROT_EXEC, MAP_PRIVATE|MAP_FIXED|MAP_DENYWRITE, 3, 0x1000) = 0x7f0ef805d000
8510  mmap(0x7f0ef8065000, 12288, PROT_READ, MAP_PRIVATE|MAP_FIXED|MAP_DENYWRITE, 3, 0x9000) = 0x7f0ef8065000
8510  mmap(0x7f0ef8068000, 8192, PROT_READ|PROT_WRITE, MAP_PRIVATE|MAP_FIXED|MAP_DENYWRITE, 3, 0xb000) = 0x7f0ef8068000
8510  close(3)                          = 0
8510  openat(AT_FDCWD, "/usr/lib/libgpg-error.so.0", O_RDONLY|O_CLOEXEC) = 3
8510  read(3, "\177ELF\2\1\1\0\0\0\0\0\0\0\0\0\3\0>\0\1\0\0\0\0\0\0\0\0\0\0\0"..., 832) = 832
8510  newfstatat(3, "", {st_mode=S_IFREG|0755, st_size=149552, ...}, AT_EMPTY_PATH) = 0
8510  mmap(NULL, 151976, PROT_READ, MAP_PRIVATE|MAP_DENYWRITE, 3, 0) = 0x7f0ef8036000
8510  mmap(0x7f0ef803b000, 86016, PROT_READ|PROT_EXEC, MAP_PRIVATE|MAP_FIXED|MAP_DENYWRITE, 3, 0x5000) = 0x7f0ef803b000
8510  mmap(0x7f0ef8050000, 40960, PROT_READ, MAP_PRIVATE|MAP_FIXED|MAP_DENYWRITE, 3, 0x1a000) = 0x7f0ef8050000
8510  mmap(0x7f0ef805a000, 8192, PROT_READ|PROT_WRITE, MAP_PRIVATE|MAP_FIXED|MAP_DENYWRITE, 3, 0x23000) = 0x7f0ef805a000
8510  close(3)                          = 0
8510  openat(AT_FDCWD, "/usr/lib/libkrb5.so.3", O_RDONLY|O_CLOEXEC) = 3
8510  read(3, "\177ELF\2\1\1\0\0\0\0\0\0\0\0\0\3\0>\0\1\0\0\0\0\0\0\0\0\0\0\0"..., 832) = 832
8510  newfstatat(3, "", {st_mode=S_IFREG|0755, st_size=882552, ...}, AT_EMPTY_PATH) = 0
8510  mmap(NULL, 881488, PROT_READ, MAP_PRIVATE|MAP_DENYWRITE, 3, 0) = 0x7f0ef7f5e000
8510  mmap(0x7f0ef7f81000, 421888, PROT_READ|PROT_EXEC, MAP_PRIVATE|MAP_FIXED|MAP_DENYWRITE, 3, 0x23000) = 0x7f0ef7f81000
8510  mmap(0x7f0ef7fe8000, 253952, PROT_READ, MAP_PRIVATE|MAP_FIXED|MAP_DENYWRITE, 3, 0x8a000) = 0x7f0ef7fe8000
8510  mmap(0x7f0ef8026000, 65536, PROT_READ|PROT_WRITE, MAP_PRIVATE|MAP_FIXED|MAP_DENYWRITE, 3, 0xc8000) = 0x7f0ef8026000
8510  close(3)                          = 0
8510  openat(AT_FDCWD, "/usr/lib/libk5crypto.so.3", O_RDONLY|O_CLOEXEC) = 3
8510  read(3, "\177ELF\2\1\1\0\0\0\0\0\0\0\0\0\3\0>\0\1\0\0\0\0\0\0\0\0\0\0\0"..., 832) = 832
8510  newfstatat(3, "", {st_mode=S_IFREG|0755, st_size=182128, ...}, AT_EMPTY_PATH) = 0
8510  mmap(NULL, 184360, PROT_READ, MAP_PRIVATE|MAP_DENYWRITE, 3, 0) = 0x7f0ef7f30000
8510  mmap(0x7f0ef7f34000, 110592, PROT_READ|PROT_EXEC, MAP_PRIVATE|MAP_FIXED|MAP_DENYWRITE, 3, 0x4000) = 0x7f0ef7f34000
8510  mmap(0x7f0ef7f4f000, 49152, PROT_READ, MAP_PRIVATE|MAP_FIXED|MAP_DENYWRITE, 3, 0x1f000) = 0x7f0ef7f4f000
8510  mmap(0x7f0ef7f5b000, 12288, PROT_READ|PROT_WRITE, MAP_PRIVATE|MAP_FIXED|MAP_DENYWRITE, 3, 0x2a000) = 0x7f0ef7f5b000
8510  close(3)                          = 0
8510  openat(AT_FDCWD, "/usr/lib/libcom_err.so.2", O_RDONLY|O_CLOEXEC) = 3
8510  read(3, "\177ELF\2\1\1\0\0\0\0\0\0\0\0\0\3\0>\0\1\0\0\0\0\0\0\0\0\0\0\0"..., 832) = 832
8510  newfstatat(3, "", {st_mode=S_IFREG|0755, st_size=18296, ...}, AT_EMPTY_PATH) = 0
8510  mmap(NULL, 20552, PROT_READ, MAP_PRIVATE|MAP_DENYWRITE, 3, 0) = 0x7f0ef7f2a000
8510  mmap(0x7f0ef7f2c000, 4096, PROT_READ|PROT_EXEC, MAP_PRIVATE|MAP_FIXED|MAP_DENYWRITE, 3, 0x2000) = 0x7f0ef7f2c000
8510  mmap(0x7f0ef7f2d000, 4096, PROT_READ, MAP_PRIVATE|MAP_FIXED|MAP_DENYWRITE, 3, 0x3000) = 0x7f0ef7f2d000
8510  mmap(0x7f0ef7f2e000, 8192, PROT_READ|PROT_WRITE, MAP_PRIVATE|MAP_FIXED|MAP_DENYWRITE, 3, 0x3000) = 0x7f0ef7f2e000
8510  close(3)                          = 0
8510  openat(AT_FDCWD, "/usr/lib/libkrb5support.so.0", O_RDONLY|O_CLOEXEC) = 3
8510  read(3, "\177ELF\2\1\1\0\0\0\0\0\0\0\0\0\3\0>\0\1\0\0\0\0\0\0\0\0\0\0\0"..., 832) = 832
8510  newfstatat(3, "", {st_mode=S_IFREG|0755, st_size=55352, ...}, AT_EMPTY_PATH) = 0
8510  mmap(NULL, 8192, PROT_READ|PROT_WRITE, MAP_PRIVATE|MAP_ANONYMOUS, -1, 0) = 0x7f0ef7f28000
8510  mmap(NULL, 53872, PROT_READ, MAP_PRIVATE|MAP_DENYWRITE, 3, 0) = 0x7f0ef7f1a000
8510  mmap(0x7f0ef7f1d000, 28672, PROT_READ|PROT_EXEC, MAP_PRIVATE|MAP_FIXED|MAP_DENYWRITE, 3, 0x3000) = 0x7f0ef7f1d000
8510  mmap(0x7f0ef7f24000, 8192, PROT_READ, MAP_PRIVATE|MAP_FIXED|MAP_DENYWRITE, 3, 0xa000) = 0x7f0ef7f24000
8510  mmap(0x7f0ef7f26000, 8192, PROT_READ|PROT_WRITE, MAP_PRIVATE|MAP_FIXED|MAP_DENYWRITE, 3, 0xc000) = 0x7f0ef7f26000
8510  close(3)                          = 0
8510  openat(AT_FDCWD, "/usr/lib/libkeyutils.so.1", O_RDONLY|O_CLOEXEC) = 3
8510  read(3, "\177ELF\2\1\1\0\0\0\0\0\0\0\0\0\3\0>\0\1\0\0\0  \0\0\0\0\0\0"..., 832) = 832
8510  newfstatat(3, "", {st_mode=S_IFREG|0755, st_size=22200, ...}, AT_EMPTY_PATH) = 0
8510  mmap(NULL, 24592, PROT_READ, MAP_PRIVATE|MAP_DENYWRITE, 3, 0) = 0x7f0ef7f13000
8510  mmap(0x7f0ef7f15000, 8192, PROT_READ|PROT_EXEC, MAP_PRIVATE|MAP_FIXED|MAP_DENYWRITE, 3, 0x2000) = 0x7f0ef7f15000
8510  mmap(0x7f0ef7f17000, 4096, PROT_READ, MAP_PRIVATE|MAP_FIXED|MAP_DENYWRITE, 3, 0x4000) = 0x7f0ef7f17000
8510  mmap(0x7f0ef7f18000, 8192, PROT_READ|PROT_WRITE, MAP_PRIVATE|MAP_FIXED|MAP_DENYWRITE, 3, 0x4000) = 0x7f0ef7f18000
8510  close(3)                          = 0
8510  openat(AT_FDCWD, "/usr/lib/libresolv.so.2", O_RDONLY|O_CLOEXEC) = 3
8510  read(3, "\177ELF\2\1\1\0\0\0\0\0\0\0\0\0\3\0>\0\1\0\0\0\0\0\0\0\0\0\0\0"..., 832) = 832
8510  newfstatat(3, "", {st_mode=S_IFREG|0755, st_size=59776, ...}, AT_EMPTY_PATH) = 0
8510  mmap(NULL, 71816, PROT_READ, MAP_PRIVATE|MAP_DENYWRITE, 3, 0) = 0x7f0ef7f01000
8510  mmap(0x7f0ef7f04000, 32768, PROT_READ|PROT_EXEC, MAP_PRIVATE|MAP_FIXED|MAP_DENYWRITE, 3, 0x3000) = 0x7f0ef7f04000
8510  mmap(0x7f0ef7f0c000, 12288, PROT_READ, MAP_PRIVATE|MAP_FIXED|MAP_DENYWRITE, 3, 0xb000) = 0x7f0ef7f0c000
8510  mmap(0x7f0ef7f0f000, 8192, PROT_READ|PROT_WRITE, MAP_PRIVATE|MAP_FIXED|MAP_DENYWRITE, 3, 0xd000) = 0x7f0ef7f0f000
8510  mmap(0x7f0ef7f11000, 6280, PROT_READ|PROT_WRITE, MAP_PRIVATE|MAP_FIXED|MAP_ANONYMOUS, -1, 0) = 0x7f0ef7f11000
8510  close(3)                          = 0
8510  openat(AT_FDCWD, "/usr/lib/libgraphite2.so.3", O_RDONLY|O_CLOEXEC) = 3
8510  read(3, "\177ELF\2\1\1\0\0\0\0\0\0\0\0\0\3\0>\0\1\0\0\0\0\0\0\0\0\0\0\0"..., 832) = 832
8510  newfstatat(3, "", {st_mode=S_IFREG|0755, st_size=132872, ...}, AT_EMPTY_PATH) = 0
8510  mmap(NULL, 135184, PROT_READ, MAP_PRIVATE|MAP_DENYWRITE, 3, 0) = 0x7f0ef7edf000
8510  mprotect(0x7f0ef7ee2000, 114688, PROT_NONE) = 0
8510  mmap(0x7f0ef7ee2000, 98304, PROT_READ|PROT_EXEC, MAP_PRIVATE|MAP_FIXED|MAP_DENYWRITE, 3, 0x3000) = 0x7f0ef7ee2000
8510  mmap(0x7f0ef7efa000, 12288, PROT_READ, MAP_PRIVATE|MAP_FIXED|MAP_DENYWRITE, 3, 0x1b000) = 0x7f0ef7efa000
8510  mmap(0x7f0ef7efe000, 12288, PROT_READ|PROT_WRITE, MAP_PRIVATE|MAP_FIXED|MAP_DENYWRITE, 3, 0x1e000) = 0x7f0ef7efe000
8510  close(3)                          = 0
8510  openat(AT_FDCWD, "/usr/lib/libglib-2.0.so.0", O_RDONLY|O_CLOEXEC) = 3
8510  read(3, "\177ELF\2\1\1\0\0\0\0\0\0\0\0\0\3\0>\0\1\0\0\0\0\0\0\0\0\0\0\0"..., 832) = 832
8510  newfstatat(3, "", {st_mode=S_IFREG|0755, st_size=1301936, ...}, AT_EMPTY_PATH) = 0
8510  mmap(NULL, 1303408, PROT_READ, MAP_PRIVATE|MAP_DENYWRITE, 3, 0) = 0x7f0ef7da0000
8510  mmap(0x7f0ef7dbd000, 602112, PROT_READ|PROT_EXEC, MAP_PRIVATE|MAP_FIXED|MAP_DENYWRITE, 3, 0x1d000) = 0x7f0ef7dbd000
8510  mmap(0x7f0ef7e50000, 573440, PROT_READ, MAP_PRIVATE|MAP_FIXED|MAP_DENYWRITE, 3, 0xb0000) = 0x7f0ef7e50000
8510  mmap(0x7f0ef7edc000, 8192, PROT_READ|PROT_WRITE, MAP_PRIVATE|MAP_FIXED|MAP_DENYWRITE, 3, 0x13c000) = 0x7f0ef7edc000
8510  mmap(0x7f0ef7ede000, 880, PROT_READ|PROT_WRITE, MAP_PRIVATE|MAP_FIXED|MAP_ANONYMOUS, -1, 0) = 0x7f0ef7ede000
8510  close(3)                          = 0
8510  openat(AT_FDCWD, "/usr/lib/libbrotlicommon.so.1", O_RDONLY|O_CLOEXEC) = 3
8510  read(3, "\177ELF\2\1\1\0\0\0\0\0\0\0\0\0\3\0>\0\1\0\0\0\0\0\0\0\0\0\0\0"..., 832) = 832
8510  newfstatat(3, "", {st_mode=S_IFREG|0755, st_size=137088, ...}, AT_EMPTY_PATH) = 0
8510  mmap(NULL, 8192, PROT_READ|PROT_WRITE, MAP_PRIVATE|MAP_ANONYMOUS, -1, 0) = 0x7f0ef7d9e000
8510  mmap(NULL, 139280, PROT_READ, MAP_PRIVATE|MAP_DENYWRITE, 3, 0) = 0x7f0ef7d7b000
8510  mmap(0x7f0ef7d7c000, 4096, PROT_READ|PROT_EXEC, MAP_PRIVATE|MAP_FIXED|MAP_DENYWRITE, 3, 0x1000) = 0x7f0ef7d7c000
8510  mmap(0x7f0ef7d7d000, 126976, PROT_READ, MAP_PRIVATE|MAP_FIXED|MAP_DENYWRITE, 3, 0x2000) = 0x7f0ef7d7d000
8510  mmap(0x7f0ef7d9c000, 8192, PROT_READ|PROT_WRITE, MAP_PRIVATE|MAP_FIXED|MAP_DENYWRITE, 3, 0x20000) = 0x7f0ef7d9c000
8510  close(3)                          = 0
8510  openat(AT_FDCWD, "/usr/lib/libpcre2-8.so.0", O_RDONLY|O_CLOEXEC) = 3
8510  read(3, "\177ELF\2\1\1\0\0\0\0\0\0\0\0\0\3\0>\0\1\0\0\0\0\0\0\0\0\0\0\0"..., 832) = 832
8510  newfstatat(3, "", {st_mode=S_IFREG|0755, st_size=633064, ...}, AT_EMPTY_PATH) = 0
8510  mmap(NULL, 631376, PROT_READ, MAP_PRIVATE|MAP_DENYWRITE, 3, 0) = 0x7f0ef7ce0000
8510  mmap(0x7f0ef7ce3000, 438272, PROT_READ|PROT_EXEC, MAP_PRIVATE|MAP_FIXED|MAP_DENYWRITE, 3, 0x3000) = 0x7f0ef7ce3000
8510  mmap(0x7f0ef7d4e000, 176128, PROT_READ, MAP_PRIVATE|MAP_FIXED|MAP_DENYWRITE, 3, 0x6e000) = 0x7f0ef7d4e000
8510  mmap(0x7f0ef7d79000, 8192, PROT_READ|PROT_WRITE, MAP_PRIVATE|MAP_FIXED|MAP_DENYWRITE, 3, 0x99000) = 0x7f0ef7d79000
8510  close(3)                          = 0
8510  mmap(NULL, 8192, PROT_READ|PROT_WRITE, MAP_PRIVATE|MAP_ANONYMOUS, -1, 0) = 0x7f0ef7cde000
8510  mmap(NULL, 8192, PROT_READ|PROT_WRITE, MAP_PRIVATE|MAP_ANONYMOUS, -1, 0) = 0x7f0ef7cdc000
8510  arch_prctl(ARCH_SET_FS, 0x7f0ef7cdd400) = 0
8510  set_tid_address(0x7f0ef7cdd6d0)   = 8510
8510  set_robust_list(0x7f0ef7cdd6e0, 24) = 0
8510  rseq(0x7f0ef7cddd20, 0x20, 0, 0x53053053) = 0
8510  mprotect(0x7f0ef8732000, 16384, PROT_READ) = 0
8510  mprotect(0x7f0ef7d79000, 4096, PROT_READ) = 0
8510  mprotect(0x7f0ef7d9c000, 4096, PROT_READ) = 0
8510  mprotect(0x7f0ef7edc000, 4096, PROT_READ) = 0
8510  mprotect(0x7f0ef7efe000, 8192, PROT_READ) = 0
8510  mprotect(0x7f0ef7f0f000, 4096, PROT_READ) = 0
8510  mprotect(0x7f0ef7f18000, 4096, PROT_READ) = 0
8510  mprotect(0x7f0ef7f26000, 4096, PROT_READ) = 0
8510  mprotect(0x7f0ef7f2e000, 4096, PROT_READ) = 0
8510  mprotect(0x7f0ef7f5b000, 8192, PROT_READ) = 0
8510  mprotect(0x7f0ef8026000, 57344, PROT_READ) = 0
8510  mprotect(0x7f0ef805a000, 4096, PROT_READ) = 0
8510  mprotect(0x7f0ef8068000, 4096, PROT_READ) = 0
8510  mprotect(0x7f0ef8a97000, 4096, PROT_READ) = 0
8510  mprotect(0x7f0ef855c000, 4096, PROT_READ) = 0
8510  mprotect(0x7f0ef819f000, 4096, PROT_READ) = 0
8510  mprotect(0x7f0ef818c000, 4096, PROT_READ) = 0
8510  mprotect(0x7f0ef8530000, 28672, PROT_READ) = 0
8510  mprotect(0x7f0ef8153000, 4096, PROT_READ) = 0
8510  mprotect(0x7f0ef81f2000, 8192, PROT_READ) = 0
8510  mprotect(0x7f0ef8213000, 4096, PROT_READ) = 0
8510  mprotect(0x7f0ef8237000, 4096, PROT_READ) = 0
8510  mprotect(0x7f0ef82e0000, 4096, PROT_READ) = 0
8510  mprotect(0x7f0ef8313000, 4096, PROT_READ) = 0
8510  mprotect(0x7f0ef8453000, 20480, PROT_READ) = 0
8510  mprotect(0x7f0ef8467000, 4096, PROT_READ) = 0
8510  mprotect(0x7f0ef8541000, 4096, PROT_READ) = 0
8510  mprotect(0x7f0ef8748000, 4096, PROT_READ) = 0
8510  mprotect(0x7f0ef8775000, 4096, PROT_READ) = 0
8510  mprotect(0x7f0ef878b000, 4096, PROT_READ) = 0
8510  mprotect(0x7f0ef87be000, 4096, PROT_READ) = 0
8510  mprotect(0x7f0ef88f9000, 45056, PROT_READ) = 0
8510  mprotect(0x7f0ef880e000, 8192, PROT_READ) = 0
8510  mprotect(0x7f0ef881e000, 4096, PROT_READ) = 0
8510  mprotect(0x7f0ef8909000, 4096, PROT_READ) = 0
8510  mprotect(0x7f0ef893f000, 4096, PROT_READ) = 0
8510  mprotect(0x7f0ef894a000, 4096, PROT_READ) = 0
8510  mprotect(0x7f0ef894f000, 4096, PROT_READ) = 0
8510  mprotect(0x7f0ef89a2000, 8192, PROT_READ) = 0
8510  mprotect(0x7f0ef89af000, 4096, PROT_READ) = 0
8510  mprotect(0x7f0ef8b3d000, 32768, PROT_READ) = 0
8510  mprotect(0x556455caa000, 16384, PROT_READ) = 0
8510  mmap(NULL, 8192, PROT_READ|PROT_WRITE, MAP_PRIVATE|MAP_ANONYMOUS, -1, 0) = 0x7f0ef7cda000
8510  mprotect(0x7f0ef8b94000, 8192, PROT_READ) = 0
8510  prlimit64(0, RLIMIT_STACK, NULL, {rlim_cur=8192*1024, rlim_max=RLIM64_INFINITY}) = 0
8510  munmap(0x7f0ef8b48000, 109151)    = 0
8510  getrandom("\x77\x0e\x65\x9f\x5d\x2f\xed\x30", 8, GRND_NONBLOCK) = 8
8510  brk(NULL)                         = 0x556456618000
8510  brk(0x556456639000)               = 0x556456639000
8510  prctl(PR_CAPBSET_READ, CAP_MAC_OVERRIDE) = 1
8510  prctl(PR_CAPBSET_READ, 0x30 /* CAP_??? */) = -1 EINVAL (Invalid argument)
8510  prctl(PR_CAPBSET_READ, CAP_CHECKPOINT_RESTORE) = 1
8510  prctl(PR_CAPBSET_READ, 0x2c /* CAP_??? */) = -1 EINVAL (Invalid argument)
8510  prctl(PR_CAPBSET_READ, 0x2a /* CAP_??? */) = -1 EINVAL (Invalid argument)
8510  prctl(PR_CAPBSET_READ, 0x29 /* CAP_??? */) = -1 EINVAL (Invalid argument)
8510  getuid()                          = 1000
8510  geteuid()                         = 1000
8510  getgid()                          = 1000
8510  getegid()                         = 1000
8510  getuid()                          = 1000
8510  geteuid()                         = 1000
8510  setresuid(-1, 0, -1)              = -1 EPERM (Operation not permitted)
8510  rt_sigaction(SIGSEGV, {sa_handler=0x556455ba4510, sa_mask=[], sa_flags=SA_RESTORER|SA_SIGINFO, sa_restorer=0x7f0ef8596a00}, {sa_handler=SIG_DFL, sa_mask=[], sa_flags=0}, 8) = 0
8510  rt_sigaction(SIGQUIT, {sa_handler=0x556455ba4510, sa_mask=[], sa_flags=SA_RESTORER|SA_SIGINFO, sa_restorer=0x7f0ef8596a00}, {sa_handler=SIG_DFL, sa_mask=[], sa_flags=0}, 8) = 0
8510  rt_sigaction(SIGILL, {sa_handler=0x556455ba4510, sa_mask=[], sa_flags=SA_RESTORER|SA_SIGINFO, sa_restorer=0x7f0ef8596a00}, {sa_handler=SIG_DFL, sa_mask=[], sa_flags=0}, 8) = 0
8510  rt_sigaction(SIGFPE, {sa_handler=0x556455ba4510, sa_mask=[], sa_flags=SA_RESTORER|SA_SIGINFO, sa_restorer=0x7f0ef8596a00}, {sa_handler=SIG_DFL, sa_mask=[], sa_flags=0}, 8) = 0
8510  rt_sigaction(SIGBUS, {sa_handler=0x556455ba4510, sa_mask=[], sa_flags=SA_RESTORER|SA_SIGINFO, sa_restorer=0x7f0ef8596a00}, {sa_handler=SIG_DFL, sa_mask=[], sa_flags=0}, 8) = 0
8510  rt_sigaction(SIGABRT, {sa_handler=0x556455ba4510, sa_mask=[], sa_flags=SA_RESTORER|SA_SIGINFO, sa_restorer=0x7f0ef8596a00}, {sa_handler=SIG_DFL, sa_mask=[], sa_flags=0}, 8) = 0
8510  rt_sigaction(SIGSYS, {sa_handler=0x556455ba4510, sa_mask=[], sa_flags=SA_RESTORER|SA_SIGINFO, sa_restorer=0x7f0ef8596a00}, {sa_handler=SIG_DFL, sa_mask=[], sa_flags=0}, 8) = 0
8510  rt_sigaction(SIGXCPU, {sa_handler=0x556455ba4510, sa_mask=[], sa_flags=SA_RESTORER|SA_SIGINFO, sa_restorer=0x7f0ef8596a00}, {sa_handler=SIG_DFL, sa_mask=[], sa_flags=0}, 8) = 0
8510  rt_sigaction(SIGXFSZ, {sa_handler=0x556455ba4510, sa_mask=[], sa_flags=SA_RESTORER|SA_SIGINFO, sa_restorer=0x7f0ef8596a00}, {sa_handler=SIG_DFL, sa_mask=[], sa_flags=0}, 8) = 0
8510  rt_sigaction(SIGBUS, {sa_handler=0x556455b9e650, sa_mask=[], sa_flags=SA_RESTORER|SA_SIGINFO, sa_restorer=0x7f0ef8596a00}, {sa_handler=0x556455ba4510, sa_mask=[], sa_flags=SA_RESTORER|SA_SIGINFO, sa_restorer=0x7f0ef8596a00}, 8) = 0
8510  epoll_create1(EPOLL_CLOEXEC)      = 3
8510  rt_sigprocmask(SIG_SETMASK, ~[RTMIN RT_1], [], 8) = 0
8510  mmap(NULL, 4096, PROT_READ|PROT_WRITE, MAP_PRIVATE|MAP_ANONYMOUS, -1, 0) = 0x7f0ef8b62000
8510  mmap(NULL, 4096, PROT_READ|PROT_WRITE, MAP_PRIVATE|MAP_ANONYMOUS, -1, 0) = 0x7f0ef8b61000
8510  pipe2([4, 5], O_NONBLOCK|O_CLOEXEC) = 0
8510  mincore(0x7ffe8f63c000, 4096, [1]) = 0
8510  rt_sigprocmask(SIG_SETMASK, [], NULL, 8) = 0
8510  mmap(NULL, 4096, PROT_READ|PROT_WRITE, MAP_PRIVATE|MAP_ANONYMOUS, -1, 0) = 0x7f0ef8b60000
8510  futex(0x7f0ef8825908, FUTEX_WAKE_PRIVATE, 2147483647) = 0
8510  rt_sigprocmask(SIG_SETMASK, ~[RTMIN RT_1], [], 8) = 0
8510  rt_sigprocmask(SIG_SETMASK, [], NULL, 8) = 0
8510  mmap(NULL, 262144, PROT_READ|PROT_WRITE, MAP_PRIVATE|MAP_ANONYMOUS, -1, 0) = 0x7f0ef7c9a000
8510  rt_sigprocmask(SIG_SETMASK, ~[RTMIN RT_1], [], 8) = 0
8510  rt_sigprocmask(SIG_SETMASK, ~[RTMIN RT_1], ~[KILL STOP RTMIN RT_1], 8) = 0
8510  rt_sigprocmask(SIG_SETMASK, ~[KILL STOP RTMIN RT_1], NULL, 8) = 0
8510  rt_sigprocmask(SIG_SETMASK, ~[RTMIN RT_1], ~[KILL STOP RTMIN RT_1], 8) = 0
8510  rt_sigprocmask(SIG_SETMASK, ~[KILL STOP RTMIN RT_1], NULL, 8) = 0
8510  rt_sigprocmask(SIG_SETMASK, ~[RTMIN RT_1], ~[KILL STOP RTMIN RT_1], 8) = 0
8510  rt_sigprocmask(SIG_SETMASK, ~[KILL STOP RTMIN RT_1], NULL, 8) = 0
8510  rt_sigprocmask(SIG_SETMASK, [], NULL, 8) = 0
8510  mincore(0x7ffe8f63d000, 4096, [1]) = 0
8510  read(4, 0x7ffe8f63cab5, 1)        = -1 EAGAIN (Resource temporarily unavailable)
8510  write(5, "\360", 1)               = 1
8510  write(2, "", 0)                   = 0
8510  getpgrp()                         = 8507
8510  openat(AT_FDCWD, "/tmp/.tX0-lock", O_WRONLY|O_CREAT|O_EXCL, 0644) = 6
8510  getpid()                          = 8510
8510  write(6, "      8510\n", 11)      = 11
8510  fchmod(6, 0444)                   = 0
8510  close(6)                          = 0
8510  link("/tmp/.tX0-lock", "/tmp/.X0-lock") = -1 EEXIST (File exists)
8510  openat(AT_FDCWD, "/tmp/.X0-lock", O_RDONLY|O_NOFOLLOW) = 6
8510  read(6, "      3334\n", 11)       = 11
8510  close(6)                          = 0
8510  kill(3334, 0)                     = 0
8510  unlink("/tmp/.tX0-lock")          = 0
8510  write(2, "(EE)", 4)               = 4
8510  write(2, " ", 1)                  = 1
8510  write(2, "\nFatal server error:\n", 21) = 21
8510  write(2, "(EE)", 4)               = 4
8510  write(2, " ", 1)                  = 1
8510  write(2, "Server is already active for dis"..., 116) = 116
8510  write(2, "(EE)", 4)               = 4
8510  write(2, " ", 1)                  = 1
8510  write(2, "\n", 1)                 = 1
8510  write(2, "(EE)", 4)               = 4
8510  write(2, " ", 1)                  = 1
8510  write(2, "\nPlease consult the The X.Org Fo"..., 85) = 85
8510  write(2, "(EE)", 4)               = 4
8510  write(2, " ", 1)                  = 1
8510  write(2, "\n", 1)                 = 1
8510  exit_group(1)                     = ?
8510  +++ exited with 1 +++
